build/app/intermediates/manifest_merge_blame_file/debug/manifest-merger-blame-debug-report.txt
1<?xml version="1.0" encoding="utf-8"?>
2<manifest xmlns:android="http://schemas.android.com/apk/res/android"
3    package="com.yoga.flow.workout.go.beginners.weight.loss.app"
4    android:versionCode="1"
5    android:versionName="1.0.0" >
6
7    <uses-sdk
8        android:minSdkVersion="21"
9        android:targetSdkVersion="33" />
10    <!--
11         The INTERNET permission is required for development. Specifically,
12         the Flutter tool needs it to communicate with the running application
13         to allow setting breakpoints, to provide hot reload, etc.
14    -->
15    <uses-permission android:name="android.permission.INTERNET" />
15-->src\main\AndroidManifest.xml:6:5-67
15-->src\main\AndroidManifest.xml:6:22-64
16
17    <queries>
17-->src\main\AndroidManifest.xml:3:6-5:15
18        <provider android:authorities="com.facebook.katana.provider.PlatformProvider" />
18-->src\main\AndroidManifest.xml:4:9-89
18-->src\main\AndroidManifest.xml:4:19-86
19
20        <intent>
20-->[:flutter_inappwebview] AndroidManifest.xml:10:9-12:18
21            <action android:name="android.support.customtabs.action.CustomTabsService" />
21-->[:flutter_inappwebview] AndroidManifest.xml:11:13-90
21-->[:flutter_inappwebview] AndroidManifest.xml:11:21-87
22        </intent>
23
24        <package android:name="com.facebook.katana" />
24-->[com.facebook.android:facebook-common:16.2.0] AndroidManifest.xml:18:9-55
24-->[com.facebook.android:facebook-common:16.2.0] AndroidManifest.xml:18:18-52
25    </queries>
26
27    <uses-permission android:name="android.permission.ACCESS_FINE_LOCATION" />
27-->src\main\AndroidManifest.xml:7:5-79
27-->src\main\AndroidManifest.xml:7:22-76
28    <uses-permission android:name="android.permission.ACCESS_COARSE_LOCATION" />
28-->src\main\AndroidManifest.xml:8:5-81
28-->src\main\AndroidManifest.xml:8:22-78
29    <uses-permission android:name="android.permission.READ_EXTERNAL_STORAGE" />
29-->src\main\AndroidManifest.xml:9:5-80
29-->src\main\AndroidManifest.xml:9:22-77
30    <uses-permission
30-->src\main\AndroidManifest.xml:10:5-12:38
31        android:name="android.permission.WRITE_EXTERNAL_STORAGE"
31-->src\main\AndroidManifest.xml:11:9-65
32        android:maxSdkVersion="28" />
32-->src\main\AndroidManifest.xml:12:9-35
33    <uses-permission android:name="android.permission.READ_EXTERNAL_STORAGE" />
33-->src\main\AndroidManifest.xml:9:5-80
33-->src\main\AndroidManifest.xml:9:22-77
34    <uses-permission android:name="android.permission.WAKE_LOCK" />
34-->[:firebase_messaging] AndroidManifest.xml:10:5-68
34-->[:firebase_messaging] AndroidManifest.xml:10:22-65
35    <uses-permission android:name="android.permission.ACCESS_NETWORK_STATE" /> <!-- Permissions options for the `notification` group -->
35-->[:firebase_messaging] AndroidManifest.xml:11:5-79
35-->[:firebase_messaging] AndroidManifest.xml:11:22-76
36    <uses-permission android:name="android.permission.POST_NOTIFICATIONS" />
36-->[:firebase_messaging] AndroidManifest.xml:13:5-77
36-->[:firebase_messaging] AndroidManifest.xml:13:22-74
37    <uses-permission android:name="android.permission.RECEIVE_BOOT_COMPLETED" />
37-->[:flutter_local_notifications] AndroidManifest.xml:9:5-81
37-->[:flutter_local_notifications] AndroidManifest.xml:9:22-78
38    <uses-permission android:name="android.permission.VIBRATE" />
38-->[:flutter_local_notifications] AndroidManifest.xml:10:5-66
38-->[:flutter_local_notifications] AndroidManifest.xml:10:22-63
39    <uses-permission android:name="android.permission.USE_FULL_SCREEN_INTENT" />
39-->[:flutter_local_notifications] AndroidManifest.xml:11:5-81
39-->[:flutter_local_notifications] AndroidManifest.xml:11:22-78
40    <uses-permission android:name="android.permission.SCHEDULE_EXACT_ALARM" /> <!-- Required by older versions of Google Play services to create IID tokens -->
40-->[:flutter_local_notifications] AndroidManifest.xml:12:5-79
40-->[:flutter_local_notifications] AndroidManifest.xml:12:22-76
41    <uses-permission android:name="com.google.android.c2dm.permission.RECEIVE" />
41-->[com.google.firebase:firebase-messaging:23.2.0] AndroidManifest.xml:28:5-82
41-->[com.google.firebase:firebase-messaging:23.2.0] AndroidManifest.xml:28:22-79
42    <uses-permission android:name="com.google.android.gms.permission.AD_ID" />
42-->[com.facebook.android:facebook-core:16.2.0] AndroidManifest.xml:16:5-79
42-->[com.facebook.android:facebook-core:16.2.0] AndroidManifest.xml:16:22-76
43
44    <permission
44-->[androidx.core:core:1.9.0] AndroidManifest.xml:22:5-24:47
45        android:name="com.yoga.flow.workout.go.beginners.weight.loss.app.DYNAMIC_RECEIVER_NOT_EXPORTED_PERMISSION"
45-->[androidx.core:core:1.9.0] AndroidManifest.xml:23:9-81
46        android:protectionLevel="signature" />
46-->[androidx.core:core:1.9.0] AndroidManifest.xml:24:9-44
47
48    <uses-permission android:name="com.yoga.flow.workout.go.beginners.weight.loss.app.DYNAMIC_RECEIVER_NOT_EXPORTED_PERMISSION" />
48-->[androidx.core:core:1.9.0] AndroidManifest.xml:26:5-97
48-->[androidx.core:core:1.9.0] AndroidManifest.xml:26:22-94
49    <uses-permission android:name="com.google.android.finsky.permission.BIND_GET_INSTALL_REFERRER_SERVICE" />
49-->[com.android.installreferrer:installreferrer:1.0] AndroidManifest.xml:9:5-110
49-->[com.android.installreferrer:installreferrer:1.0] AndroidManifest.xml:9:22-107
50
51    <application
52        android:name="android.app.Application"
53        android:appComponentFactory="androidx.core.app.CoreComponentFactory"
53-->[androidx.core:core:1.9.0] AndroidManifest.xml:28:18-86
54        android:debuggable="true"
55        android:icon="@mipmap/ic_launcher"
56        android:label="Zen Flow"
57        android:networkSecurityConfig="@xml/network_security_config"
58        android:requestLegacyExternalStorage="true"
59        android:supportsRtl="true"
59-->[com.facebook.android:facebook-android-sdk:16.2.0] AndroidManifest.xml:16:18-44
60        android:usesCleartextTraffic="true" >
61        <activity
62            android:name="com.yoga.flow.workout.go.beginners.weight.loss.app.MainActivity"
63            android:configChanges="orientation|keyboardHidden|keyboard|screenSize|smallestScreenSize|locale|layoutDirection|fontScale|screenLayout|density|uiMode"
64            android:exported="true"
65            android:hardwareAccelerated="true"
66            android:launchMode="singleTop"
67            android:theme="@style/LaunchTheme"
68            android:windowSoftInputMode="adjustResize" >
69            <meta-data
70                android:name="com.facebook.sdk.ApplicationId"
71                android:value="@string/facebook_app_id" />
72            <meta-data
73                android:name="com.facebook.sdk.ClientToken"
74                android:value="@string/facebook_client_token" />
75            <meta-data
76                android:name="io.flutter.embedding.android.NormalTheme"
77                android:resource="@style/NormalTheme" />
78
79            <intent-filter>
80                <action android:name="android.intent.action.MAIN" />
81
82                <category android:name="android.intent.category.LAUNCHER" />
83            </intent-filter>
84            <intent-filter>
85                <action android:name="android.intent.action.VIEW" />
85-->[com.google.firebase:firebase-auth:22.1.0] AndroidManifest.xml:36:17-69
85-->[com.google.firebase:firebase-auth:22.1.0] AndroidManifest.xml:36:25-66
86
87                <category android:name="android.intent.category.DEFAULT" />
87-->[com.google.firebase:firebase-auth:22.1.0] AndroidManifest.xml:38:17-76
87-->[com.google.firebase:firebase-auth:22.1.0] AndroidManifest.xml:38:27-73
88                <category android:name="android.intent.category.BROWSABLE" />
88-->[com.google.firebase:firebase-auth:22.1.0] AndroidManifest.xml:39:17-78
88-->[com.google.firebase:firebase-auth:22.1.0] AndroidManifest.xml:39:27-75
89
90                <!-- https://foodageapp.page.link/share_post -->
91                <data
91-->[com.google.firebase:firebase-auth:22.1.0] AndroidManifest.xml:41:17-44:51
92                    android:host="zenflow.page.link"
92-->[com.google.firebase:firebase-auth:22.1.0] AndroidManifest.xml:42:21-49
93                    android:scheme="https" />
93-->[com.google.firebase:firebase-auth:22.1.0] AndroidManifest.xml:44:21-48
94            </intent-filter>
95        </activity>
96        <!--
97             Don't delete the meta-data below.
98             This is used by the Flutter tool to generate GeneratedPluginRegistrant.java
99        -->
100        <meta-data
101            android:name="flutterEmbedding"
102            android:value="2" />
103
104        <service
104-->[:cloud_firestore] AndroidManifest.xml:10:9-14:19
105            android:name="com.google.firebase.components.ComponentDiscoveryService"
105-->[:cloud_firestore] AndroidManifest.xml:10:18-89
106            android:directBootAware="true"
106-->[com.google.firebase:firebase-common:20.3.3] AndroidManifest.xml:34:13-43
107            android:exported="false" >
107-->[com.google.firebase:firebase-auth:22.1.0] AndroidManifest.xml:68:13-37
108            <meta-data
108-->[:cloud_firestore] AndroidManifest.xml:11:13-13:85
109                android:name="com.google.firebase.components:io.flutter.plugins.firebase.firestore.FlutterFirebaseFirestoreRegistrar"
109-->[:cloud_firestore] AndroidManifest.xml:12:17-134
110                android:value="com.google.firebase.components.ComponentRegistrar" />
110-->[:cloud_firestore] AndroidManifest.xml:13:17-82
111            <meta-data
111-->[:firebase_dynamic_links] AndroidManifest.xml:13:13-15:85
112                android:name="com.google.firebase.components:io.flutter.plugins.firebase.dynamiclinks.FlutterFirebaseAppRegistrar"
112-->[:firebase_dynamic_links] AndroidManifest.xml:14:17-131
113                android:value="com.google.firebase.components.ComponentRegistrar" />
113-->[:firebase_dynamic_links] AndroidManifest.xml:15:17-82
114            <meta-data
114-->[:firebase_auth] AndroidManifest.xml:11:13-13:85
115                android:name="com.google.firebase.components:io.flutter.plugins.firebase.auth.FlutterFirebaseAuthRegistrar"
115-->[:firebase_auth] AndroidManifest.xml:12:17-124
116                android:value="com.google.firebase.components.ComponentRegistrar" />
116-->[:firebase_auth] AndroidManifest.xml:13:17-82
117            <meta-data
117-->[:firebase_messaging] AndroidManifest.xml:38:13-40:85
118                android:name="com.google.firebase.components:io.flutter.plugins.firebase.messaging.FlutterFirebaseAppRegistrar"
118-->[:firebase_messaging] AndroidManifest.xml:39:17-128
119                android:value="com.google.firebase.components.ComponentRegistrar" />
119-->[:firebase_messaging] AndroidManifest.xml:40:17-82
120            <meta-data
120-->[:firebase_core] AndroidManifest.xml:11:13-13:85
121                android:name="com.google.firebase.components:io.flutter.plugins.firebase.core.FlutterFirebaseCoreRegistrar"
121-->[:firebase_core] AndroidManifest.xml:12:17-124
122                android:value="com.google.firebase.components.ComponentRegistrar" />
122-->[:firebase_core] AndroidManifest.xml:13:17-82
123            <meta-data
123-->[com.google.firebase:firebase-auth:22.1.0] AndroidManifest.xml:69:13-71:85
124                android:name="com.google.firebase.components:com.google.firebase.auth.FirebaseAuthRegistrar"
124-->[com.google.firebase:firebase-auth:22.1.0] AndroidManifest.xml:70:17-109
125                android:value="com.google.firebase.components.ComponentRegistrar" />
125-->[com.google.firebase:firebase-auth:22.1.0] AndroidManifest.xml:71:17-82
126            <meta-data
126-->[com.google.firebase:firebase-firestore:24.7.0] AndroidManifest.xml:19:13-21:85
127                android:name="com.google.firebase.components:com.google.firebase.firestore.FirestoreRegistrar"
127-->[com.google.firebase:firebase-firestore:24.7.0] AndroidManifest.xml:20:17-111
128                android:value="com.google.firebase.components.ComponentRegistrar" />
128-->[com.google.firebase:firebase-firestore:24.7.0] AndroidManifest.xml:21:17-82
129            <meta-data
129-->[com.google.firebase:firebase-messaging:23.2.0] AndroidManifest.xml:55:13-57:85
130                android:name="com.google.firebase.components:com.google.firebase.messaging.FirebaseMessagingRegistrar"
130-->[com.google.firebase:firebase-messaging:23.2.0] AndroidManifest.xml:56:17-119
131                android:value="com.google.firebase.components.ComponentRegistrar" />
131-->[com.google.firebase:firebase-messaging:23.2.0] AndroidManifest.xml:57:17-82
132            <meta-data
132-->[com.google.firebase:firebase-dynamic-links:21.1.0] AndroidManifest.xml:26:13-28:85
133                android:name="com.google.firebase.components:com.google.firebase.dynamiclinks.internal.FirebaseDynamicLinkRegistrar"
133-->[com.google.firebase:firebase-dynamic-links:21.1.0] AndroidManifest.xml:27:17-133
134                android:value="com.google.firebase.components.ComponentRegistrar" />
134-->[com.google.firebase:firebase-dynamic-links:21.1.0] AndroidManifest.xml:28:17-82
135            <meta-data
135-->[com.google.firebase:firebase-iid:21.1.0] AndroidManifest.xml:32:13-34:85
136                android:name="com.google.firebase.components:com.google.firebase.iid.Registrar"
136-->[com.google.firebase:firebase-iid:21.1.0] AndroidManifest.xml:33:17-96
137                android:value="com.google.firebase.components.ComponentRegistrar" />
137-->[com.google.firebase:firebase-iid:21.1.0] AndroidManifest.xml:34:17-82
138            <meta-data
138-->[com.google.firebase:firebase-installations:17.1.3] AndroidManifest.xml:17:13-19:85
139                android:name="com.google.firebase.components:com.google.firebase.installations.FirebaseInstallationsRegistrar"
139-->[com.google.firebase:firebase-installations:17.1.3] AndroidManifest.xml:18:17-127
140                android:value="com.google.firebase.components.ComponentRegistrar" />
140-->[com.google.firebase:firebase-installations:17.1.3] AndroidManifest.xml:19:17-82
141            <meta-data
141-->[com.google.firebase:firebase-datatransport:18.1.7] AndroidManifest.xml:27:13-29:85
142                android:name="com.google.firebase.components:com.google.firebase.datatransport.TransportRegistrar"
142-->[com.google.firebase:firebase-datatransport:18.1.7] AndroidManifest.xml:28:17-115
143                android:value="com.google.firebase.components.ComponentRegistrar" />
143-->[com.google.firebase:firebase-datatransport:18.1.7] AndroidManifest.xml:29:17-82
144        </service>
145        <service
145-->[:firebase_messaging] AndroidManifest.xml:16:9-19:72
146            android:name="io.flutter.plugins.firebase.messaging.FlutterFirebaseMessagingBackgroundService"
146-->[:firebase_messaging] AndroidManifest.xml:17:13-107
147            android:exported="false"
147-->[:firebase_messaging] AndroidManifest.xml:18:13-37
148            android:permission="android.permission.BIND_JOB_SERVICE" />
148-->[:firebase_messaging] AndroidManifest.xml:19:13-69
149        <service
149-->[:firebase_messaging] AndroidManifest.xml:20:9-26:19
150            android:name="io.flutter.plugins.firebase.messaging.FlutterFirebaseMessagingService"
150-->[:firebase_messaging] AndroidManifest.xml:21:13-97
151            android:exported="false" >
151-->[:firebase_messaging] AndroidManifest.xml:22:13-37
152            <intent-filter>
152-->[:firebase_messaging] AndroidManifest.xml:23:13-25:29
153                <action android:name="com.google.firebase.MESSAGING_EVENT" />
153-->[:firebase_messaging] AndroidManifest.xml:24:17-78
153-->[:firebase_messaging] AndroidManifest.xml:24:25-75
154            </intent-filter>
155        </service>
156
157        <receiver
157-->[:firebase_messaging] AndroidManifest.xml:28:9-35:20
158            android:name="io.flutter.plugins.firebase.messaging.FlutterFirebaseMessagingReceiver"
158-->[:firebase_messaging] AndroidManifest.xml:29:13-98
159            android:exported="true"
159-->[:firebase_messaging] AndroidManifest.xml:30:13-36
160            android:permission="com.google.android.c2dm.permission.SEND" >
160-->[:firebase_messaging] AndroidManifest.xml:31:13-73
161            <intent-filter>
161-->[:firebase_messaging] AndroidManifest.xml:32:13-34:29
162                <action android:name="com.google.android.c2dm.intent.RECEIVE" />
162-->[:firebase_messaging] AndroidManifest.xml:33:17-81
162-->[:firebase_messaging] AndroidManifest.xml:33:25-78
163            </intent-filter>
164        </receiver>
165
166        <provider
166-->[:firebase_messaging] AndroidManifest.xml:43:9-47:38
167            android:name="io.flutter.plugins.firebase.messaging.FlutterFirebaseMessagingInitProvider"
167-->[:firebase_messaging] AndroidManifest.xml:44:13-102
168            android:authorities="com.yoga.flow.workout.go.beginners.weight.loss.app.flutterfirebasemessaginginitprovider"
168-->[:firebase_messaging] AndroidManifest.xml:45:13-88
169            android:exported="false"
169-->[:firebase_messaging] AndroidManifest.xml:46:13-37
170            android:initOrder="99" />
170-->[:firebase_messaging] AndroidManifest.xml:47:13-35
171
172        <receiver
172-->[:flutter_local_notifications] AndroidManifest.xml:16:9-18:40
173            android:name="com.dexterous.flutterlocalnotifications.ActionBroadcastReceiver"
173-->[:flutter_local_notifications] AndroidManifest.xml:17:13-91
174            android:exported="false" />
174-->[:flutter_local_notifications] AndroidManifest.xml:18:13-37
175        <receiver
175-->[:flutter_local_notifications] AndroidManifest.xml:19:9-21:40
176            android:name="com.dexterous.flutterlocalnotifications.ScheduledNotificationReceiver"
176-->[:flutter_local_notifications] AndroidManifest.xml:20:13-97
177            android:exported="false" />
177-->[:flutter_local_notifications] AndroidManifest.xml:21:13-37
178        <receiver
178-->[:flutter_local_notifications] AndroidManifest.xml:22:9-31:20
179            android:name="com.dexterous.flutterlocalnotifications.ScheduledNotificationBootReceiver"
179-->[:flutter_local_notifications] AndroidManifest.xml:23:13-101
180            android:exported="false" >
180-->[:flutter_local_notifications] AndroidManifest.xml:24:13-37
181            <intent-filter>
181-->[:flutter_local_notifications] AndroidManifest.xml:25:13-30:29
182                <action android:name="android.intent.action.BOOT_COMPLETED" />
182-->[:flutter_local_notifications] AndroidManifest.xml:26:17-79
182-->[:flutter_local_notifications] AndroidManifest.xml:26:25-76
183                <action android:name="android.intent.action.MY_PACKAGE_REPLACED" />
183-->[:flutter_local_notifications] AndroidManifest.xml:27:17-84
183-->[:flutter_local_notifications] AndroidManifest.xml:27:25-81
184                <action android:name="android.intent.action.QUICKBOOT_POWERON" />
184-->[:flutter_local_notifications] AndroidManifest.xml:28:17-82
184-->[:flutter_local_notifications] AndroidManifest.xml:28:25-79
185                <action android:name="com.htc.intent.action.QUICKBOOT_POWERON" />
185-->[:flutter_local_notifications] AndroidManifest.xml:29:17-82
185-->[:flutter_local_notifications] AndroidManifest.xml:29:25-79
186            </intent-filter>
187        </receiver>
188
189        <activity
189-->[:url_launcher_android] AndroidManifest.xml:10:9-13:74
190            android:name="io.flutter.plugins.urllauncher.WebViewActivity"
190-->[:url_launcher_android] AndroidManifest.xml:11:13-74
191            android:exported="false"
191-->[:url_launcher_android] AndroidManifest.xml:12:13-37
192            android:theme="@android:style/Theme.NoTitleBar.Fullscreen" />
192-->[:url_launcher_android] AndroidManifest.xml:13:13-71
193        <activity
193-->[:flutter_inappwebview] AndroidManifest.xml:16:9-20:47
194            android:name="com.pichillilorenzo.flutter_inappwebview.in_app_browser.InAppBrowserActivity"
194-->[:flutter_inappwebview] AndroidManifest.xml:17:13-104
195            android:configChanges="orientation|keyboardHidden|keyboard|screenSize|locale|layoutDirection|fontScale|screenLayout|density"
195-->[:flutter_inappwebview] AndroidManifest.xml:18:13-137
196            android:exported="false"
196-->[:flutter_inappwebview] AndroidManifest.xml:19:13-37
197            android:theme="@style/AppTheme" />
197-->[:flutter_inappwebview] AndroidManifest.xml:20:13-44
198        <activity
198-->[:flutter_inappwebview] AndroidManifest.xml:21:9-24:55
199            android:name="com.pichillilorenzo.flutter_inappwebview.chrome_custom_tabs.ChromeCustomTabsActivity"
199-->[:flutter_inappwebview] AndroidManifest.xml:22:13-112
200            android:exported="false"
200-->[:flutter_inappwebview] AndroidManifest.xml:23:13-37
201            android:theme="@style/ThemeTransparent" />
201-->[:flutter_inappwebview] AndroidManifest.xml:24:13-52
202        <activity
202-->[:flutter_inappwebview] AndroidManifest.xml:25:9-28:55
203            android:name="com.pichillilorenzo.flutter_inappwebview.chrome_custom_tabs.TrustedWebActivity"
203-->[:flutter_inappwebview] AndroidManifest.xml:26:13-106
204            android:exported="false"
204-->[:flutter_inappwebview] AndroidManifest.xml:27:13-37
205            android:theme="@style/ThemeTransparent" />
205-->[:flutter_inappwebview] AndroidManifest.xml:28:13-52
206        <activity
206-->[:flutter_inappwebview] AndroidManifest.xml:29:9-33:55
207            android:name="com.pichillilorenzo.flutter_inappwebview.chrome_custom_tabs.ChromeCustomTabsActivitySingleInstance"
207-->[:flutter_inappwebview] AndroidManifest.xml:30:13-126
208            android:exported="false"
208-->[:flutter_inappwebview] AndroidManifest.xml:31:13-37
209            android:launchMode="singleInstance"
209-->[:flutter_inappwebview] AndroidManifest.xml:32:13-48
210            android:theme="@style/ThemeTransparent" />
210-->[:flutter_inappwebview] AndroidManifest.xml:33:13-52
211        <activity
211-->[:flutter_inappwebview] AndroidManifest.xml:34:9-38:55
212            android:name="com.pichillilorenzo.flutter_inappwebview.chrome_custom_tabs.TrustedWebActivitySingleInstance"
212-->[:flutter_inappwebview] AndroidManifest.xml:35:13-120
213            android:exported="false"
213-->[:flutter_inappwebview] AndroidManifest.xml:36:13-37
214            android:launchMode="singleInstance"
214-->[:flutter_inappwebview] AndroidManifest.xml:37:13-48
215            android:theme="@style/ThemeTransparent" />
215-->[:flutter_inappwebview] AndroidManifest.xml:38:13-52
216
217        <receiver
217-->[:flutter_inappwebview] AndroidManifest.xml:40:9-43:40
218            android:name="com.pichillilorenzo.flutter_inappwebview.chrome_custom_tabs.ActionBroadcastReceiver"
218-->[:flutter_inappwebview] AndroidManifest.xml:41:13-111
219            android:enabled="true"
219-->[:flutter_inappwebview] AndroidManifest.xml:42:13-35
220            android:exported="false" />
220-->[:flutter_inappwebview] AndroidManifest.xml:43:13-37
221
222        <meta-data
222-->[:flutter_inappwebview] AndroidManifest.xml:45:9-47:36
223            android:name="io.flutter.embedded_views_preview"
223-->[:flutter_inappwebview] AndroidManifest.xml:46:13-61
224            android:value="true" />
224-->[:flutter_inappwebview] AndroidManifest.xml:47:13-33
225        <!--
226           Declares a provider which allows us to store files to share in
227           '.../caches/share_plus' and grant the receiving action access
228        -->
229        <provider
229-->[:share_plus] AndroidManifest.xml:15:9-23:20
230            android:name="dev.fluttercommunity.plus.share.ShareFileProvider"
230-->[:share_plus] AndroidManifest.xml:16:13-77
231            android:authorities="com.yoga.flow.workout.go.beginners.weight.loss.app.flutter.share_provider"
231-->[:share_plus] AndroidManifest.xml:17:13-74
232            android:exported="false"
232-->[:share_plus] AndroidManifest.xml:18:13-37
233            android:grantUriPermissions="true" >
233-->[:share_plus] AndroidManifest.xml:19:13-47
234            <meta-data
234-->[:share_plus] AndroidManifest.xml:20:13-22:68
235                android:name="android.support.FILE_PROVIDER_PATHS"
235-->[:share_plus] AndroidManifest.xml:21:17-67
236                android:resource="@xml/flutter_share_file_paths" />
236-->[:share_plus] AndroidManifest.xml:22:17-65
237        </provider>
238        <!--
239           This manifest declared broadcast receiver allows us to use an explicit
240           Intent when creating a PendingItent to be informed of the user's choice
241        -->
242        <receiver
242-->[:share_plus] AndroidManifest.xml:28:9-34:20
243            android:name="dev.fluttercommunity.plus.share.SharePlusPendingIntent"
243-->[:share_plus] AndroidManifest.xml:29:13-82
244            android:exported="false" >
244-->[:share_plus] AndroidManifest.xml:30:13-37
245            <intent-filter>
245-->[:share_plus] AndroidManifest.xml:31:13-33:29
246                <action android:name="EXTRA_CHOSEN_COMPONENT" />
246-->[:share_plus] AndroidManifest.xml:32:17-65
246-->[:share_plus] AndroidManifest.xml:32:25-62
247            </intent-filter>
248        </receiver>
249
250        <activity
250-->[com.google.firebase:firebase-auth:22.1.0] AndroidManifest.xml:29:9-46:20
251            android:name="com.google.firebase.auth.internal.GenericIdpActivity"
251-->[com.google.firebase:firebase-auth:22.1.0] AndroidManifest.xml:30:13-80
252            android:excludeFromRecents="true"
252-->[com.google.firebase:firebase-auth:22.1.0] AndroidManifest.xml:31:13-46
253            android:exported="true"
253-->[com.google.firebase:firebase-auth:22.1.0] AndroidManifest.xml:32:13-36
254            android:launchMode="singleTask"
254-->[com.google.firebase:firebase-auth:22.1.0] AndroidManifest.xml:33:13-44
255            android:theme="@android:style/Theme.Translucent.NoTitleBar" >
255-->[com.google.firebase:firebase-auth:22.1.0] AndroidManifest.xml:34:13-72
256            <intent-filter>
256-->[com.google.firebase:firebase-auth:22.1.0] AndroidManifest.xml:35:13-45:29
257                <action android:name="android.intent.action.VIEW" />
257-->[com.google.firebase:firebase-auth:22.1.0] AndroidManifest.xml:36:17-69
257-->[com.google.firebase:firebase-auth:22.1.0] AndroidManifest.xml:36:25-66
258
259                <category android:name="android.intent.category.DEFAULT" />
259-->[com.google.firebase:firebase-auth:22.1.0] AndroidManifest.xml:38:17-76
259-->[com.google.firebase:firebase-auth:22.1.0] AndroidManifest.xml:38:27-73
260                <category android:name="android.intent.category.BROWSABLE" />
260-->[com.google.firebase:firebase-auth:22.1.0] AndroidManifest.xml:39:17-78
260-->[com.google.firebase:firebase-auth:22.1.0] AndroidManifest.xml:39:27-75
261
262                <data
262-->[com.google.firebase:firebase-auth:22.1.0] AndroidManifest.xml:41:17-44:51
263                    android:host="firebase.auth"
263-->[com.google.firebase:firebase-auth:22.1.0] AndroidManifest.xml:42:21-49
264                    android:path="/"
264-->[com.google.firebase:firebase-auth:22.1.0] AndroidManifest.xml:43:21-37
265                    android:scheme="genericidp" />
265-->[com.google.firebase:firebase-auth:22.1.0] AndroidManifest.xml:44:21-48
266            </intent-filter>
267        </activity>
268        <activity
268-->[com.google.firebase:firebase-auth:22.1.0] AndroidManifest.xml:47:9-64:20
269            android:name="com.google.firebase.auth.internal.RecaptchaActivity"
269-->[com.google.firebase:firebase-auth:22.1.0] AndroidManifest.xml:48:13-79
270            android:excludeFromRecents="true"
270-->[com.google.firebase:firebase-auth:22.1.0] AndroidManifest.xml:49:13-46
271            android:exported="true"
271-->[com.google.firebase:firebase-auth:22.1.0] AndroidManifest.xml:50:13-36
272            android:launchMode="singleTask"
272-->[com.google.firebase:firebase-auth:22.1.0] AndroidManifest.xml:51:13-44
273            android:theme="@android:style/Theme.Translucent.NoTitleBar" >
273-->[com.google.firebase:firebase-auth:22.1.0] AndroidManifest.xml:52:13-72
274            <intent-filter>
274-->[com.google.firebase:firebase-auth:22.1.0] AndroidManifest.xml:53:13-63:29
275                <action android:name="android.intent.action.VIEW" />
275-->[com.google.firebase:firebase-auth:22.1.0] AndroidManifest.xml:36:17-69
275-->[com.google.firebase:firebase-auth:22.1.0] AndroidManifest.xml:36:25-66
276
277                <category android:name="android.intent.category.DEFAULT" />
277-->[com.google.firebase:firebase-auth:22.1.0] AndroidManifest.xml:38:17-76
277-->[com.google.firebase:firebase-auth:22.1.0] AndroidManifest.xml:38:27-73
278                <category android:name="android.intent.category.BROWSABLE" />
278-->[com.google.firebase:firebase-auth:22.1.0] AndroidManifest.xml:39:17-78
278-->[com.google.firebase:firebase-auth:22.1.0] AndroidManifest.xml:39:27-75
279
280                <data
280-->[com.google.firebase:firebase-auth:22.1.0] AndroidManifest.xml:41:17-44:51
281                    android:host="firebase.auth"
281-->[com.google.firebase:firebase-auth:22.1.0] AndroidManifest.xml:42:21-49
282                    android:path="/"
282-->[com.google.firebase:firebase-auth:22.1.0] AndroidManifest.xml:43:21-37
283                    android:scheme="recaptcha" />
283-->[com.google.firebase:firebase-auth:22.1.0] AndroidManifest.xml:44:21-48
284            </intent-filter>
285        </activity>
286
287        <uses-library
287-->[androidx.window:window:1.0.0-beta04] AndroidManifest.xml:25:9-27:40
288            android:name="androidx.window.extensions"
288-->[androidx.window:window:1.0.0-beta04] AndroidManifest.xml:26:13-54
289            android:required="false" />
289-->[androidx.window:window:1.0.0-beta04] AndroidManifest.xml:27:13-37
290        <uses-library
290-->[androidx.window:window:1.0.0-beta04] AndroidManifest.xml:28:9-30:40